2014-08-23 10:57:58,245 - [INFO] - from play in pool-63-thread-3 
Listening for HTTP on /0:0:0:0:0:0:0:0:9000

2014-08-23 10:58:09,778 - [INFO] - from play in play-internal-execution-context-1 
datasource [jdbc:h2:mem:play] bound to JNDI as DefaultDS

2014-08-23 10:58:09,973 - [INFO] - from play in play-internal-execution-context-1 
database [default] connected at jdbc:h2:mem:play

2014-08-23 10:58:11,982 - [ERROR] - from application in New I/O worker #1 


! @6ja9f9c1d - Internal server error, for (GET) [/] ->

play.api.db.evolutions.InvalidDatabaseRevision: Database 'default' needs evolution![An SQL script need to be run on your database.]
	at play.api.db.evolutions.EvolutionsPlugin$$anonfun$onStart$1$$anonfun$apply$1.apply$mcV$sp(Evolutions.scala:486) ~[na:na]
	at play.api.db.evolutions.EvolutionsPlugin.withLock(Evolutions.scala:507) ~[na:na]
	at play.api.db.evolutions.EvolutionsPlugin$$anonfun$onStart$1.apply(Evolutions.scala:461) ~[na:na]
	at play.api.db.evolutions.EvolutionsPlugin$$anonfun$onStart$1.apply(Evolutions.scala:459) ~[na:na]
	at scala.collection.immutable.List.foreach(List.scala:318) ~[na:na]
	at play.api.db.evolutions.EvolutionsPlugin.onStart(Evolutions.scala:459) ~[na:na]
	at play.api.Play$$anonfun$start$1$$anonfun$apply$mcV$sp$1.apply(Play.scala:88) ~[na:na]
	at play.api.Play$$anonfun$start$1$$anonfun$apply$mcV$sp$1.apply(Play.scala:88) ~[na:na]
	at scala.collection.immutable.List.foreach(List.scala:318) ~[na:na]
	at play.api.Play$$anonfun$start$1.apply$mcV$sp(Play.scala:88) ~[na:na]
	at play.api.Play$$anonfun$start$1.apply(Play.scala:88) ~[na:na]
	at play.api.Play$$anonfun$start$1.apply(Play.scala:88) ~[na:na]
	at play.utils.Threads$.withContextClassLoader(Threads.scala:18) ~[na:na]
	at play.api.Play$.start(Play.scala:87) ~[na:na]
	at play.core.ReloadableApplication$$anonfun$get$1$$anonfun$apply$1$$anonfun$1.apply(ApplicationProvider.scala:139) ~[na:na]
	at play.core.ReloadableApplication$$anonfun$get$1$$anonfun$apply$1$$anonfun$1.apply(ApplicationProvider.scala:112) ~[na:na]
	at scala.Option.map(Option.scala:145) ~[na:na]
	at play.core.ReloadableApplication$$anonfun$get$1$$anonfun$apply$1.apply(ApplicationProvider.scala:112) ~[na:na]
	at play.core.ReloadableApplication$$anonfun$get$1$$anonfun$apply$1.apply(ApplicationProvider.scala:110) ~[na:na]
	at scala.util.Success.flatMap(Try.scala:200) ~[na:na]
	at play.core.ReloadableApplication$$anonfun$get$1.apply(ApplicationProvider.scala:110) ~[na:na]
	at play.core.ReloadableApplication$$anonfun$get$1.apply(ApplicationProvider.scala:102) ~[na:na]
	at scala.concurrent.impl.Future$PromiseCompletingRunnable.liftedTree1$1(Future.scala:24) ~[na:na]
	at scala.concurrent.impl.Future$PromiseCompletingRunnable.run(Future.scala:24) ~[na:na]
	at com.typesafe.trace.FutureRunnable.run(FutureTrace.scala:119) ~[na:na]
	at scala.concurrent.forkjoin.ForkJoinTask$AdaptedRunnableAction.exec(ForkJoinTask.java:1361) ~[na:na]
	at scala.concurrent.forkjoin.ForkJoinTask.doExec(ForkJoinTask.java:260) ~[na:na]
	at scala.concurrent.forkjoin.ForkJoinPool$WorkQueue.runTask(ForkJoinPool.java:1339) ~[na:na]
	at scala.concurrent.forkjoin.ForkJoinPool.runWorker(ForkJoinPool.java:1979) ~[na:na]
	at scala.concurrent.forkjoin.ForkJoinWorkerThread.run(ForkJoinWorkerThread.java:107) ~[na:na]

2014-08-23 10:58:12,335 - [ERROR] - from application in New I/O worker #2 


! @6ja9f9c1d - Internal server error, for (GET) [/] ->

play.api.db.evolutions.InvalidDatabaseRevision: Database 'default' needs evolution![An SQL script need to be run on your database.]
	at play.api.db.evolutions.EvolutionsPlugin$$anonfun$onStart$1$$anonfun$apply$1.apply$mcV$sp(Evolutions.scala:486) ~[na:na]
	at play.api.db.evolutions.EvolutionsPlugin.withLock(Evolutions.scala:507) ~[na:na]
	at play.api.db.evolutions.EvolutionsPlugin$$anonfun$onStart$1.apply(Evolutions.scala:461) ~[na:na]
	at play.api.db.evolutions.EvolutionsPlugin$$anonfun$onStart$1.apply(Evolutions.scala:459) ~[na:na]
	at scala.collection.immutable.List.foreach(List.scala:318) ~[na:na]
	at play.api.db.evolutions.EvolutionsPlugin.onStart(Evolutions.scala:459) ~[na:na]
	at play.api.Play$$anonfun$start$1$$anonfun$apply$mcV$sp$1.apply(Play.scala:88) ~[na:na]
	at play.api.Play$$anonfun$start$1$$anonfun$apply$mcV$sp$1.apply(Play.scala:88) ~[na:na]
	at scala.collection.immutable.List.foreach(List.scala:318) ~[na:na]
	at play.api.Play$$anonfun$start$1.apply$mcV$sp(Play.scala:88) ~[na:na]
	at play.api.Play$$anonfun$start$1.apply(Play.scala:88) ~[na:na]
	at play.api.Play$$anonfun$start$1.apply(Play.scala:88) ~[na:na]
	at play.utils.Threads$.withContextClassLoader(Threads.scala:18) ~[na:na]
	at play.api.Play$.start(Play.scala:87) ~[na:na]
	at play.core.ReloadableApplication$$anonfun$get$1$$anonfun$apply$1$$anonfun$1.apply(ApplicationProvider.scala:139) ~[na:na]
	at play.core.ReloadableApplication$$anonfun$get$1$$anonfun$apply$1$$anonfun$1.apply(ApplicationProvider.scala:112) ~[na:na]
	at scala.Option.map(Option.scala:145) ~[na:na]
	at play.core.ReloadableApplication$$anonfun$get$1$$anonfun$apply$1.apply(ApplicationProvider.scala:112) ~[na:na]
	at play.core.ReloadableApplication$$anonfun$get$1$$anonfun$apply$1.apply(ApplicationProvider.scala:110) ~[na:na]
	at scala.util.Success.flatMap(Try.scala:200) ~[na:na]
	at play.core.ReloadableApplication$$anonfun$get$1.apply(ApplicationProvider.scala:110) ~[na:na]
	at play.core.ReloadableApplication$$anonfun$get$1.apply(ApplicationProvider.scala:102) ~[na:na]
	at scala.concurrent.impl.Future$PromiseCompletingRunnable.liftedTree1$1(Future.scala:24) ~[na:na]
	at scala.concurrent.impl.Future$PromiseCompletingRunnable.run(Future.scala:24) ~[na:na]
	at com.typesafe.trace.FutureRunnable.run(FutureTrace.scala:119) ~[na:na]
	at scala.concurrent.forkjoin.ForkJoinTask$AdaptedRunnableAction.exec(ForkJoinTask.java:1361) ~[na:na]
	at scala.concurrent.forkjoin.ForkJoinTask.doExec(ForkJoinTask.java:260) ~[na:na]
	at scala.concurrent.forkjoin.ForkJoinPool$WorkQueue.runTask(ForkJoinPool.java:1339) ~[na:na]
	at scala.concurrent.forkjoin.ForkJoinPool.runWorker(ForkJoinPool.java:1979) ~[na:na]
	at scala.concurrent.forkjoin.ForkJoinWorkerThread.run(ForkJoinWorkerThread.java:107) ~[na:na]

2014-08-23 10:58:14,485 - [ERROR] - from application in New I/O worker #3 


! @6ja9f9c1d - Internal server error, for (GET) [/] ->

play.api.db.evolutions.InvalidDatabaseRevision: Database 'default' needs evolution![An SQL script need to be run on your database.]
	at play.api.db.evolutions.EvolutionsPlugin$$anonfun$onStart$1$$anonfun$apply$1.apply$mcV$sp(Evolutions.scala:486) ~[na:na]
	at play.api.db.evolutions.EvolutionsPlugin.withLock(Evolutions.scala:507) ~[na:na]
	at play.api.db.evolutions.EvolutionsPlugin$$anonfun$onStart$1.apply(Evolutions.scala:461) ~[na:na]
	at play.api.db.evolutions.EvolutionsPlugin$$anonfun$onStart$1.apply(Evolutions.scala:459) ~[na:na]
	at scala.collection.immutable.List.foreach(List.scala:318) ~[na:na]
	at play.api.db.evolutions.EvolutionsPlugin.onStart(Evolutions.scala:459) ~[na:na]
	at play.api.Play$$anonfun$start$1$$anonfun$apply$mcV$sp$1.apply(Play.scala:88) ~[na:na]
	at play.api.Play$$anonfun$start$1$$anonfun$apply$mcV$sp$1.apply(Play.scala:88) ~[na:na]
	at scala.collection.immutable.List.foreach(List.scala:318) ~[na:na]
	at play.api.Play$$anonfun$start$1.apply$mcV$sp(Play.scala:88) ~[na:na]
	at play.api.Play$$anonfun$start$1.apply(Play.scala:88) ~[na:na]
	at play.api.Play$$anonfun$start$1.apply(Play.scala:88) ~[na:na]
	at play.utils.Threads$.withContextClassLoader(Threads.scala:18) ~[na:na]
	at play.api.Play$.start(Play.scala:87) ~[na:na]
	at play.core.ReloadableApplication$$anonfun$get$1$$anonfun$apply$1$$anonfun$1.apply(ApplicationProvider.scala:139) ~[na:na]
	at play.core.ReloadableApplication$$anonfun$get$1$$anonfun$apply$1$$anonfun$1.apply(ApplicationProvider.scala:112) ~[na:na]
	at scala.Option.map(Option.scala:145) ~[na:na]
	at play.core.ReloadableApplication$$anonfun$get$1$$anonfun$apply$1.apply(ApplicationProvider.scala:112) ~[na:na]
	at play.core.ReloadableApplication$$anonfun$get$1$$anonfun$apply$1.apply(ApplicationProvider.scala:110) ~[na:na]
	at scala.util.Success.flatMap(Try.scala:200) ~[na:na]
	at play.core.ReloadableApplication$$anonfun$get$1.apply(ApplicationProvider.scala:110) ~[na:na]
	at play.core.ReloadableApplication$$anonfun$get$1.apply(ApplicationProvider.scala:102) ~[na:na]
	at scala.concurrent.impl.Future$PromiseCompletingRunnable.liftedTree1$1(Future.scala:24) ~[na:na]
	at scala.concurrent.impl.Future$PromiseCompletingRunnable.run(Future.scala:24) ~[na:na]
	at com.typesafe.trace.FutureRunnable.run(FutureTrace.scala:119) ~[na:na]
	at scala.concurrent.forkjoin.ForkJoinTask$AdaptedRunnableAction.exec(ForkJoinTask.java:1361) ~[na:na]
	at scala.concurrent.forkjoin.ForkJoinTask.doExec(ForkJoinTask.java:260) ~[na:na]
	at scala.concurrent.forkjoin.ForkJoinPool$WorkQueue.runTask(ForkJoinPool.java:1339) ~[na:na]
	at scala.concurrent.forkjoin.ForkJoinPool.runWorker(ForkJoinPool.java:1979) ~[na:na]
	at scala.concurrent.forkjoin.ForkJoinWorkerThread.run(ForkJoinWorkerThread.java:107) ~[na:na]

2014-08-23 10:58:18,025 - [INFO] - from play in play-internal-execution-context-2 
datasource [jdbc:h2:mem:play] bound to JNDI as DefaultDS

2014-08-23 10:58:18,028 - [INFO] - from play in play-internal-execution-context-2 
database [default] connected at jdbc:h2:mem:play

2014-08-23 10:58:18,217 - [INFO] - from play in play-internal-execution-context-2 
Application started (Dev)

